\BOOKMARK [0][-]{chapter.1}{\376\377\000I\000n\000t\000r\000o\000d\000u\000c\000t\000i\000o\000n}{}% 1
\BOOKMARK [1][-]{section.1.1}{\376\377\000B\000a\000c\000k\000g\000r\000o\000u\000n\000d}{chapter.1}% 2
\BOOKMARK [2][-]{subsection.1.1.1}{\376\377\000L\000i\000s\000t\000i\000n\000g\000s}{section.1.1}% 3
\BOOKMARK [2][-]{subsection.1.1.2}{\376\377\000F\000i\000g\000u\000r\000e\000s}{section.1.1}% 4
\BOOKMARK [2][-]{subsection.1.1.3}{\376\377\000T\000a\000b\000l\000e\000s}{section.1.1}% 5
\BOOKMARK [2][-]{subsection.1.1.4}{\376\377\000g\000i\000t}{section.1.1}% 6
\BOOKMARK [0][-]{chapter.2}{\376\377\000M\000o\000d\000e\000l}{}% 7
\BOOKMARK [1][-]{section.2.1}{\376\377\000a\000i\000\040\000-\000\040\000t\000h\000e\000\040\000A\000I}{chapter.2}% 8
\BOOKMARK [1][-]{section.2.2}{\376\377\000L\000M\000\040\000-\000\040\000m\000o\000d\000e\000l\000i\000n\000g\000\040\000h\000u\000m\000a\000n\000\040\000l\000e\000a\000r\000n\000e\000r}{chapter.2}% 9
\BOOKMARK [0][-]{chapter.3}{\376\377\000D\000a\000t\000a\000s\000e\000t}{}% 10
\BOOKMARK [1][-]{section.3.1}{\376\377\000B\000a\000c\000k\000g\000r\000o\000u\000n\000d}{chapter.3}% 11
\BOOKMARK [1][-]{section.3.2}{\376\377\000D\000e\000s\000c\000r\000i\000p\000t\000i\000o\000n\000\040\000o\000f\000\040\000a\000n\000\040\000i\000n\000s\000t\000a\000n\000c\000e}{chapter.3}% 12
\BOOKMARK [1][-]{section.3.3}{\376\377\000P\000r\000o\000p\000e\000r\000t\000i\000e\000s\000\040\000o\000f\000\040\000i\000n\000s\000t\000a\000n\000c\000e}{chapter.3}% 13
\BOOKMARK [1][-]{section.3.4}{\376\377\000P\000a\000r\000a\000m\000e\000t\000e\000r\000s\000\040\000g\000e\000n\000e\000r\000a\000t\000i\000n\000g\000\040\000i\000n\000s\000t\000a\000n\000c\000e\000s}{chapter.3}% 14
\BOOKMARK [2][-]{subsection.3.4.1}{\376\377\000F\000i\000x\000e\000d\000S\000q\000u\000a\000r\000e\000s\000\040\040\023\000\240\000p\000l\000a\000c\000e\000m\000e\000n\000t\000\040\000o\000f\000\040\000l\000e\000t\000t\000e\000r}{section.3.4}% 15
\BOOKMARK [2][-]{subsection.3.4.2}{\376\377\000R\000o\000t\000a\000t\000i\000o\000n\000\040\040\023\000\040\000o\000r\000i\000e\000n\000t\000a\000t\000i\000o\000n\000\040\000o\000f\000\040\000t\000h\000e\000\040\000l\000e\000t\000t\000e\000r}{section.3.4}% 16
\BOOKMARK [2][-]{subsection.3.4.3}{\376\377\000S\000c\000a\000l\000e\000\040\000-\000\040\000s\000i\000z\000e\000\040\000o\000f\000\040\000t\000h\000e\000\040\000l\000e\000t\000t\000e\000r}{section.3.4}% 17
\BOOKMARK [0][-]{section*.11}{\376\377\000G\000l\000o\000s\000s\000a\000r\000y}{}% 18
\BOOKMARK [0][-]{section*.13}{\376\377\000L\000i\000s\000t\000\040\000o\000f\000\040\000A\000c\000r\000o\000n\000y\000m\000s\000\040\000a\000n\000d\000\040\000A\000b\000b\000r\000e\000v\000i\000a\000t\000i\000o\000n\000s}{}% 19
\BOOKMARK [0][-]{chapter*.14}{\376\377\000B\000i\000b\000l\000i\000o\000g\000r\000a\000p\000h\000y}{}% 20
\BOOKMARK [0][-]{appendix.A}{\376\377\000G\000e\000n\000e\000r\000a\000t\000e\000d\000\040\000c\000o\000d\000e\000\040\000f\000r\000o\000m\000\040\000P\000r\000o\000t\000o\000c\000o\000l\000\040\000b\000u\000f\000f\000e\000r\000s}{}% 21
